c:\users\jkj\documents\github\apiai\apiai2013\apiai2013\x64\release\vc120.pdb
c:\users\jkj\documents\github\apiai\apiai2013\apiai2013\x64\release\context.obj
c:\users\jkj\documents\github\apiai\apiai2013\apiai2013\x64\release\requestcontext.obj
c:\users\jkj\documents\github\apiai\apiai2013\apiai2013\x64\release\querytextserialize.obj
c:\users\jkj\documents\github\apiai\apiai2013\apiai2013\x64\release\querytext.obj
c:\users\jkj\documents\github\apiai\apiai2013\apiai2013\x64\release\parameters.obj
c:\users\jkj\documents\github\apiai\apiai2013\apiai2013\x64\release\entity.obj
c:\users\jkj\documents\github\apiai\apiai2013\apiai2013\x64\release\queryrequest.obj
c:\users\jkj\documents\github\apiai\apiai2013\apiai2013\x64\release\contextparametersserializer.obj
c:\users\jkj\documents\github\apiai\apiai2013\apiai2013\x64\release\cjsonutils.obj
c:\users\jkj\documents\github\apiai\apiai2013\apiai2013\x64\release\streamwriter.obj
c:\users\jkj\documents\github\apiai\apiai2013\apiai2013\x64\release\streamreader.obj
c:\users\jkj\documents\github\apiai\apiai2013\apiai2013\x64\release\stream.obj
c:\users\jkj\documents\github\apiai\apiai2013\apiai2013\x64\release\requestconnectionimpl.obj
c:\users\jkj\documents\github\apiai\apiai2013\apiai2013\x64\release\requestconnection.obj
c:\users\jkj\documents\github\apiai\apiai2013\apiai2013\x64\release\responseerrorexception.obj
c:\users\jkj\documents\github\apiai\apiai2013\apiai2013\x64\release\jsonexception.obj
c:\users\jkj\documents\github\apiai\apiai2013\apiai2013\x64\release\invalidargumentexception.obj
c:\users\jkj\documents\github\apiai\apiai2013\apiai2013\x64\release\exception.obj
c:\users\jkj\documents\github\apiai\apiai2013\apiai2013\x64\release\credentials.obj
c:\users\jkj\documents\github\apiai\apiai2013\apiai2013\x64\release\ai.obj
c:\users\jkj\documents\github\apiai\apiai2013\apiai2013\x64\release\main.obj
c:\users\jkj\documents\github\apiai\apiai2013\apiai2013\x64\release\indent_stream.obj
c:\users\jkj\documents\github\apiai\apiai2013\apiai2013\x64\release\voiceactivitydetector.obj
c:\users\jkj\documents\github\apiai\apiai2013\apiai2013\x64\release\types.obj
c:\users\jkj\documents\github\apiai\apiai2013\apiai2013\x64\release\service.obj
c:\users\jkj\documents\github\apiai\apiai2013\apiai2013\x64\release\voicerequest.obj
c:\users\jkj\documents\github\apiai\apiai2013\apiai2013\x64\release\textqueryrequest.obj
c:\users\jkj\documents\github\apiai\apiai2013\apiai2013\x64\release\result.obj
c:\users\jkj\documents\github\apiai\apiai2013\apiai2013\x64\release\response.obj
c:\users\jkj\documents\github\apiai\apiai2013\apiai2013\x64\release\metadata.obj
c:\users\jkj\documents\github\apiai\apiai2013\apiai2013\x64\release\fulfillment.obj
c:\users\jkj\documents\github\apiai\apiai2013\apiai2013\x64\release\element.obj
c:\users\jkj\documents\github\apiai\apiai2013\apiai2013\x64\release\cjson.obj
c:\users\jkj\documents\github\apiai\apiai2013\apiai2013\x64\release\vadcontext.obj
c:\users\jkj\documents\github\apiai\apiai2013\x64\release\apiai2013.exe
c:\users\jkj\documents\github\apiai\apiai2013\x64\release\apiai2013.pdb
c:\users\jkj\documents\github\apiai\apiai2013\apiai2013\x64\release\test.obj
c:\users\jkj\documents\github\apiai\apiai2013\apiai2013\x64\release\apiai2013.tlog\cl.command.1.tlog
c:\users\jkj\documents\github\apiai\apiai2013\apiai2013\x64\release\apiai2013.tlog\cl.read.1.tlog
c:\users\jkj\documents\github\apiai\apiai2013\apiai2013\x64\release\apiai2013.tlog\cl.write.1.tlog
c:\users\jkj\documents\github\apiai\apiai2013\apiai2013\x64\release\apiai2013.tlog\link.command.1.tlog
c:\users\jkj\documents\github\apiai\apiai2013\apiai2013\x64\release\apiai2013.tlog\link.read.1.tlog
c:\users\jkj\documents\github\apiai\apiai2013\apiai2013\x64\release\apiai2013.tlog\link.write.1.tlog
